<?xml version="1.0" encoding="UTF-8"?>
<!-- Generated by org.testng.reporters.JUnitReportReporter -->
<testsuite hostname="DESKTOP-BD6HH3L" failures="0" tests="4" name="com.mystore.qa.testcases.OrderHistoryPageTest" time="159.987" errors="0" timestamp="2021-11-10T14:30:35 IST" skipped="0">
  <testcase classname="com.mystore.qa.testcases.OrderHistoryPageTest" name="OrderHistoryPageTitleTest" time="37.563"/>
  <system-out/>
  <testcase classname="com.mystore.qa.testcases.OrderHistoryPageTest" name="OrderHistoryPageValidateTest" time="42.698"/>
  <system-out/>
  <testcase classname="com.mystore.qa.testcases.OrderHistoryPageTest" name="CheckTheDateOfOrderTest" time="38.950"/>
  <system-out/>
  <testcase classname="com.mystore.qa.testcases.OrderHistoryPageTest" name="DownLoadInvoiceTest" time="40.776"/>
  <system-out/>
</testsuite> <!-- com.mystore.qa.testcases.OrderHistoryPageTest -->
