<?xml version="1.0" encoding="UTF-8"?>
<!-- Generated by org.testng.reporters.JUnitReportReporter -->
<testsuite hostname="DESKTOP-BD6HH3L" failures="0" tests="3" name="com.mystore.qa.testcases.LoginPageTest" time="32.175" errors="0" timestamp="2021-11-10T14:30:35 IST" skipped="0">
  <testcase classname="com.mystore.qa.testcases.LoginPageTest" name="loginPageTitleTest" time="10.332"/>
  <system-out/>
  <testcase classname="com.mystore.qa.testcases.LoginPageTest" name="loginPagelogoTest" time="10.230"/>
  <system-out/>
  <testcase classname="com.mystore.qa.testcases.LoginPageTest" name="loginTest" time="11.613"/>
  <system-out/>
</testsuite> <!-- com.mystore.qa.testcases.LoginPageTest -->
