<?xml version="1.0" encoding="UTF-8"?>
<!-- Generated by org.testng.reporters.JUnitReportReporter -->
<testsuite hostname="DESKTOP-BD6HH3L" failures="0" tests="4" name="com.mystore.qa.testcases.OrderSummaryPageTest" time="130.624" errors="0" timestamp="2021-11-10T14:30:35 IST" skipped="0">
  <testcase classname="com.mystore.qa.testcases.OrderSummaryPageTest" name="OrderSummaryPageTitleTest" time="31.216"/>
  <system-out/>
  <testcase classname="com.mystore.qa.testcases.OrderSummaryPageTest" name="OrderSummaryPageValidateTest" time="31.887"/>
  <system-out/>
  <testcase classname="com.mystore.qa.testcases.OrderSummaryPageTest" name="CheckOrderSummaryPageValidateTest" time="34.008"/>
  <system-out/>
  <testcase classname="com.mystore.qa.testcases.OrderSummaryPageTest" name="OrderProceedToCheckoutTest" time="33.513"/>
  <system-out/>
</testsuite> <!-- com.mystore.qa.testcases.OrderSummaryPageTest -->
