<?xml version="1.0" encoding="UTF-8"?>
<!-- Generated by org.testng.reporters.JUnitReportReporter -->
<testsuite hostname="DESKTOP-BD6HH3L" failures="0" tests="3" name="com.mystore.qa.testcases.WomenDressPageTest" time="53.788" errors="0" timestamp="2021-11-10T14:30:35 IST" skipped="0">
  <testcase classname="com.mystore.qa.testcases.WomenDressPageTest" name="WomenDressPageTitleTest" time="14.806"/>
  <system-out/>
  <testcase classname="com.mystore.qa.testcases.WomenDressPageTest" name="WomenDressPageValidateTest" time="19.895"/>
  <system-out/>
  <testcase classname="com.mystore.qa.testcases.WomenDressPageTest" name="addOneItemAndViewOneItemTest" time="19.087"/>
  <system-out/>
</testsuite> <!-- com.mystore.qa.testcases.WomenDressPageTest -->
