<?xml version="1.0" encoding="UTF-8"?>
<!-- Generated by org.testng.reporters.JUnitReportReporter -->
<testsuite hostname="DESKTOP-BD6HH3L" failures="0" tests="2" name="com.mystore.qa.testcases.LandingPageTest" time="19.465" errors="0" timestamp="2021-11-10T14:30:35 IST" skipped="0">
  <testcase classname="com.mystore.qa.testcases.LandingPageTest" name="loginPageTitleTest" time="9.094"/>
  <system-out/>
  <testcase classname="com.mystore.qa.testcases.LandingPageTest" name="directToLoginPageTest" time="10.371"/>
  <system-out/>
</testsuite> <!-- com.mystore.qa.testcases.LandingPageTest -->
