<?xml version="1.0" encoding="UTF-8"?>
<!-- Generated by org.testng.reporters.JUnitReportReporter -->
<testsuite hostname="DESKTOP-BD6HH3L" failures="0" tests="3" name="com.mystore.qa.testcases.PaymentPageTest" time="92.626" errors="0" timestamp="2021-11-10T14:30:35 IST" skipped="0">
  <testcase classname="com.mystore.qa.testcases.PaymentPageTest" name="PaymentPageTitleTest" time="29.451"/>
  <system-out/>
  <testcase classname="com.mystore.qa.testcases.PaymentPageTest" name="PaymentPageValidateTest" time="29.615"/>
  <system-out/>
  <testcase classname="com.mystore.qa.testcases.PaymentPageTest" name="ProceedToCheckoutTest" time="33.560"/>
  <system-out/>
</testsuite> <!-- com.mystore.qa.testcases.PaymentPageTest -->
