<?xml version="1.0" encoding="UTF-8"?>
<!-- Generated by org.testng.reporters.JUnitReportReporter -->
<testsuite hostname="DESKTOP-BD6HH3L" failures="0" tests="3" name="com.mystore.qa.testcases.HomePageTest" time="42.345" errors="0" timestamp="2021-11-10T14:30:35 IST" skipped="0">
  <testcase classname="com.mystore.qa.testcases.HomePageTest" name="HomePageTitleTest" time="13.582"/>
  <system-out/>
  <testcase classname="com.mystore.qa.testcases.HomePageTest" name="HomePageUserNameTest" time="12.546"/>
  <system-out/>
  <testcase classname="com.mystore.qa.testcases.HomePageTest" name="directToWomenDressPageTest" time="16.217"/>
  <system-out/>
</testsuite> <!-- com.mystore.qa.testcases.HomePageTest -->
