<?xml version="1.0" encoding="UTF-8"?>
<!-- Generated by org.testng.reporters.JUnitReportReporter -->
<testsuite hostname="DESKTOP-BD6HH3L" failures="0" tests="3" name="com.mystore.qa.testcases.ShippingPageTest" time="78.068" errors="0" timestamp="2021-11-10T14:30:35 IST" skipped="0">
  <testcase classname="com.mystore.qa.testcases.ShippingPageTest" name="ShippingPageTitleTest" time="26.501"/>
  <system-out/>
  <testcase classname="com.mystore.qa.testcases.ShippingPageTest" name="ShippingPageValidateTest" time="26.289"/>
  <system-out/>
  <testcase classname="com.mystore.qa.testcases.ShippingPageTest" name="ProceedToCheckoutTest" time="25.278"/>
  <system-out/>
</testsuite> <!-- com.mystore.qa.testcases.ShippingPageTest -->
