<?xml version="1.0" encoding="UTF-8"?>
<!-- Generated by org.testng.reporters.JUnitReportReporter -->
<testsuite hostname="DESKTOP-BD6HH3L" failures="0" tests="5" name="com.mystore.qa.testcases.ShoppingCartSummaryPageTest" time="122.990" errors="0" timestamp="2021-11-10T14:51:28 IST" skipped="0">
  <testcase classname="com.mystore.qa.testcases.ShoppingCartSummaryPageTest" name="PrinteDressPageTitleTest" time="23.008"/>
  <system-out/>
  <testcase classname="com.mystore.qa.testcases.ShoppingCartSummaryPageTest" name="PrintedDressPageValidateTest" time="24.170"/>
  <system-out/>
  <testcase classname="com.mystore.qa.testcases.ShoppingCartSummaryPageTest" name="TwoProductsTest" time="22.527"/>
  <system-out/>
  <testcase classname="com.mystore.qa.testcases.ShoppingCartSummaryPageTest" name="ExactTwoProductsTest" time="22.130"/>
  <system-out/>
  <testcase classname="com.mystore.qa.testcases.ShoppingCartSummaryPageTest" name="ProceedToCheckoutTest" time="31.155"/>
  <system-out/>
</testsuite> <!-- com.mystore.qa.testcases.ShoppingCartSummaryPageTest -->
