<?xml version="1.0" encoding="UTF-8"?>
<!-- Generated by org.testng.reporters.JUnitReportReporter -->
<testsuite hostname="DESKTOP-BD6HH3L" failures="0" tests="3" name="com.mystore.qa.testcases.WomenDressPageTest" time="47.567" errors="0" timestamp="2021-11-10T14:51:28 IST" skipped="0">
  <testcase classname="com.mystore.qa.testcases.WomenDressPageTest" name="WomenDressPageTitleTest" time="14.516"/>
  <system-out/>
  <testcase classname="com.mystore.qa.testcases.WomenDressPageTest" name="WomenDressPageValidateTest" time="14.278"/>
  <system-out/>
  <testcase classname="com.mystore.qa.testcases.WomenDressPageTest" name="addOneItemAndViewOneItemTest" time="18.773"/>
  <system-out/>
</testsuite> <!-- com.mystore.qa.testcases.WomenDressPageTest -->
