<?xml version="1.0" encoding="UTF-8"?>
<!-- Generated by org.testng.reporters.JUnitReportReporter -->
<testsuite hostname="DESKTOP-BD6HH3L" failures="0" tests="3" name="com.mystore.qa.testcases.ConfirmationPageTest" time="100.011" errors="0" timestamp="2021-11-10T14:51:28 IST" skipped="0">
  <testcase classname="com.mystore.qa.testcases.ConfirmationPageTest" name="ConfirmationPageTitleTest" time="31.873"/>
  <system-out/>
  <testcase classname="com.mystore.qa.testcases.ConfirmationPageTest" name="ConfirmationPageValidateTest" time="32.235"/>
  <system-out/>
  <testcase classname="com.mystore.qa.testcases.ConfirmationPageTest" name="BackToOrderHistoryTest" time="35.903"/>
  <system-out/>
</testsuite> <!-- com.mystore.qa.testcases.ConfirmationPageTest -->
