<?xml version="1.0" encoding="UTF-8"?>
<!-- Generated by org.testng.reporters.JUnitReportReporter -->
<testsuite hostname="DESKTOP-BD6HH3L" failures="0" tests="3" name="com.mystore.qa.testcases.PaymentPageTest" time="92.357" errors="0" timestamp="2021-11-10T14:51:28 IST" skipped="0">
  <testcase classname="com.mystore.qa.testcases.PaymentPageTest" name="PaymentPageTitleTest" time="30.058"/>
  <system-out/>
  <testcase classname="com.mystore.qa.testcases.PaymentPageTest" name="PaymentPageValidateTest" time="30.582"/>
  <system-out/>
  <testcase classname="com.mystore.qa.testcases.PaymentPageTest" name="ProceedToCheckoutTest" time="31.717"/>
  <system-out/>
</testsuite> <!-- com.mystore.qa.testcases.PaymentPageTest -->
