<?xml version="1.0" encoding="UTF-8"?>
<!-- Generated by org.testng.reporters.JUnitReportReporter -->
<testsuite hostname="DESKTOP-BD6HH3L" failures="0" tests="3" name="com.mystore.qa.testcases.PrintedDressPageTest" time="63.914" errors="0" timestamp="2021-11-10T14:51:28 IST" skipped="0">
  <testcase classname="com.mystore.qa.testcases.PrintedDressPageTest" name="PrinteDressPageTitleTest" time="20.562"/>
  <system-out/>
  <testcase classname="com.mystore.qa.testcases.PrintedDressPageTest" name="PrintedDressPageValidateTest" time="21.385"/>
  <system-out/>
  <testcase classname="com.mystore.qa.testcases.PrintedDressPageTest" name="AddItemAndProceedToCheckoutTest" time="21.967"/>
  <system-out/>
</testsuite> <!-- com.mystore.qa.testcases.PrintedDressPageTest -->
