<?xml version="1.0" encoding="UTF-8"?>
<!-- Generated by org.testng.reporters.JUnitReportReporter -->
<testsuite hostname="DESKTOP-BD6HH3L" failures="0" tests="3" name="com.mystore.qa.testcases.HomePageTest" time="41.719" errors="0" timestamp="2021-11-10T14:51:28 IST" skipped="0">
  <testcase classname="com.mystore.qa.testcases.HomePageTest" name="HomePageTitleTest" time="13.798"/>
  <system-out/>
  <testcase classname="com.mystore.qa.testcases.HomePageTest" name="HomePageUserNameTest" time="13.084"/>
  <system-out/>
  <testcase classname="com.mystore.qa.testcases.HomePageTest" name="directToWomenDressPageTest" time="14.837"/>
  <system-out/>
</testsuite> <!-- com.mystore.qa.testcases.HomePageTest -->
