<?xml version="1.0" encoding="UTF-8"?>
<!-- Generated by org.testng.reporters.JUnitReportReporter -->
<testsuite hostname="DESKTOP-BD6HH3L" failures="0" tests="3" name="com.mystore.qa.testcases.LoginPageTest" time="34.670" errors="0" timestamp="2021-11-10T14:51:28 IST" skipped="0">
  <testcase classname="com.mystore.qa.testcases.LoginPageTest" name="loginPageTitleTest" time="10.332"/>
  <system-out/>
  <testcase classname="com.mystore.qa.testcases.LoginPageTest" name="loginPagelogoTest" time="10.663"/>
  <system-out/>
  <testcase classname="com.mystore.qa.testcases.LoginPageTest" name="loginTest" time="13.675"/>
  <system-out/>
</testsuite> <!-- com.mystore.qa.testcases.LoginPageTest -->
