<?xml version="1.0" encoding="UTF-8"?>
<!-- Generated by org.testng.reporters.JUnitReportReporter -->
<testsuite hostname="DESKTOP-BD6HH3L" failures="0" tests="4" name="com.mystore.qa.testcases.OrderSummaryPageTest" time="130.708" errors="0" timestamp="2021-11-10T14:51:28 IST" skipped="0">
  <testcase classname="com.mystore.qa.testcases.OrderSummaryPageTest" name="OrderSummaryPageTitleTest" time="36.703"/>
  <system-out/>
  <testcase classname="com.mystore.qa.testcases.OrderSummaryPageTest" name="OrderSummaryPageValidateTest" time="31.889"/>
  <system-out/>
  <testcase classname="com.mystore.qa.testcases.OrderSummaryPageTest" name="CheckOrderSummaryPageValidateTest" time="28.455"/>
  <system-out/>
  <testcase classname="com.mystore.qa.testcases.OrderSummaryPageTest" name="OrderProceedToCheckoutTest" time="33.661"/>
  <system-out/>
</testsuite> <!-- com.mystore.qa.testcases.OrderSummaryPageTest -->
