<?xml version="1.0" encoding="UTF-8"?>
<!-- Generated by org.testng.reporters.JUnitReportReporter -->
<testsuite hostname="DESKTOP-BD6HH3L" failures="0" tests="3" name="com.mystore.qa.testcases.AddressPageTest" time="85.031" errors="0" timestamp="2021-11-10T14:51:28 IST" skipped="0">
  <testcase classname="com.mystore.qa.testcases.AddressPageTest" name="AddressPageTitleTest" time="32.314"/>
  <system-out/>
  <testcase classname="com.mystore.qa.testcases.AddressPageTest" name="AddressPageValidateTest" time="23.523"/>
  <system-out/>
  <testcase classname="com.mystore.qa.testcases.AddressPageTest" name="ProceedToCheckoutTest" time="29.194"/>
  <system-out/>
</testsuite> <!-- com.mystore.qa.testcases.AddressPageTest -->
