<?xml version="1.0" encoding="UTF-8"?>
<!-- Generated by org.testng.reporters.JUnitReportReporter -->
<testsuite hostname="DESKTOP-BD6HH3L" failures="0" tests="2" name="com.mystore.qa.testcases.LandingPageTest" time="17.496" errors="0" timestamp="2021-11-10T14:51:28 IST" skipped="0">
  <testcase classname="com.mystore.qa.testcases.LandingPageTest" name="loginPageTitleTest" time="7.680"/>
  <system-out/>
  <testcase classname="com.mystore.qa.testcases.LandingPageTest" name="directToLoginPageTest" time="9.816"/>
  <system-out/>
</testsuite> <!-- com.mystore.qa.testcases.LandingPageTest -->
